[debug] [2021-10-16T16:05:15.910Z] ----------------------------------------------------------------------
[debug] [2021-10-16T16:05:15.913Z] Command:       C:\Program Files\nodejs\node.exe C:\Users\mahed\AppData\Roaming\npm\node_modules\firebase-tools\lib\bin\firebase.js deploy
[debug] [2021-10-16T16:05:15.913Z] CLI Version:   9.20.0
[debug] [2021-10-16T16:05:15.913Z] Platform:      win32
[debug] [2021-10-16T16:05:15.913Z] Node Version:  v14.17.1
[debug] [2021-10-16T16:05:15.914Z] Time:          Sat Oct 16 2021 22:05:15 GMT+0600 (Bangladesh Standard Time)
[debug] [2021-10-16T16:05:15.915Z] ----------------------------------------------------------------------
[debug] 
[debug] [2021-10-16T16:05:15.985Z] > command requires scopes: ["email","openid","https://www.googleapis.com/auth/cloudplatformprojects.readonly","https://www.googleapis.com/auth/firebase","https://www.googleapis.com/auth/cloud-platform"]
[debug] [2021-10-16T16:05:15.985Z] > authorizing via signed-in user (mahedi.hasan8089@gmail.com)
[debug] [2021-10-16T16:05:15.985Z] [iam] checking project genius-car-mechanics-f4341 for permissions ["firebase.projects.get","firebasehosting.sites.update"]
[debug] [2021-10-16T16:05:15.989Z] > refreshing access token with scopes: ["email","https://www.googleapis.com/auth/cloud-platform","https://www.googleapis.com/auth/cloudplatformprojects.readonly","https://www.googleapis.com/auth/firebase","openid"]
[debug] [2021-10-16T16:05:15.989Z] >>> HTTP REQUEST POST https://www.googleapis.com/oauth2/v3/token  
 <request body omitted>
[debug] [2021-10-16T16:08:09.377Z] ----------------------------------------------------------------------
[debug] [2021-10-16T16:08:09.379Z] Command:       C:\Program Files\nodejs\node.exe C:\Users\mahed\AppData\Roaming\npm\node_modules\firebase-tools\lib\bin\firebase.js deploy
[debug] [2021-10-16T16:08:09.380Z] CLI Version:   9.20.0
[debug] [2021-10-16T16:08:09.380Z] Platform:      win32
[debug] [2021-10-16T16:08:09.380Z] Node Version:  v14.17.1
[debug] [2021-10-16T16:08:09.381Z] Time:          Sat Oct 16 2021 22:08:09 GMT+0600 (Bangladesh Standard Time)
[debug] [2021-10-16T16:08:09.381Z] ----------------------------------------------------------------------
[debug] 
[debug] [2021-10-16T16:08:09.444Z] > command requires scopes: ["email","openid","https://www.googleapis.com/auth/cloudplatformprojects.readonly","https://www.googleapis.com/auth/firebase","https://www.googleapis.com/auth/cloud-platform"]
[debug] [2021-10-16T16:08:09.445Z] > authorizing via signed-in user (mahedi.hasan8089@gmail.com)
[debug] [2021-10-16T16:08:09.445Z] [iam] checking project genius-car-mechanics-f4341 for permissions ["firebase.projects.get","firebasehosting.sites.update"]
[debug] [2021-10-16T16:08:09.447Z] > refreshing access token with scopes: ["email","https://www.googleapis.com/auth/cloud-platform","https://www.googleapis.com/auth/cloudplatformprojects.readonly","https://www.googleapis.com/auth/firebase","openid"]
[debug] [2021-10-16T16:08:09.448Z] >>> HTTP REQUEST POST https://www.googleapis.com/oauth2/v3/token  
 <request body omitted>
[debug] [2021-10-16T16:15:08.272Z] ----------------------------------------------------------------------
[debug] [2021-10-16T16:15:08.275Z] Command:       C:\Program Files\nodejs\node.exe C:\Users\mahed\AppData\Roaming\npm\node_modules\firebase-tools\lib\bin\firebase.js deploy
[debug] [2021-10-16T16:15:08.276Z] CLI Version:   9.20.0
[debug] [2021-10-16T16:15:08.276Z] Platform:      win32
[debug] [2021-10-16T16:15:08.276Z] Node Version:  v14.17.1
[debug] [2021-10-16T16:15:08.277Z] Time:          Sat Oct 16 2021 22:15:08 GMT+0600 (Bangladesh Standard Time)
[debug] [2021-10-16T16:15:08.277Z] ----------------------------------------------------------------------
[debug] 
[debug] [2021-10-16T16:15:08.353Z] > command requires scopes: ["email","openid","https://www.googleapis.com/auth/cloudplatformprojects.readonly","https://www.googleapis.com/auth/firebase","https://www.googleapis.com/auth/cloud-platform"]
[debug] [2021-10-16T16:15:08.353Z] > authorizing via signed-in user (mahedi.hasan8089@gmail.com)
[debug] [2021-10-16T16:15:08.354Z] [iam] checking project genius-car-mechanics-f4341 for permissions ["firebase.projects.get","firebasehosting.sites.update"]
[debug] [2021-10-16T16:15:08.356Z] > refreshing access token with scopes: ["email","https://www.googleapis.com/auth/cloud-platform","https://www.googleapis.com/auth/cloudplatformprojects.readonly","https://www.googleapis.com/auth/firebase","openid"]
[debug] [2021-10-16T16:15:08.357Z] >>> HTTP REQUEST POST https://www.googleapis.com/oauth2/v3/token  
 <request body omitted>
[debug] [2021-10-16T16:15:08.964Z] <<< HTTP RESPONSE 200 {"pragma":"no-cache","date":"Sat, 16 Oct 2021 16:15:08 GMT","cache-control":"no-cache, no-store, max-age=0, must-revalidate","expires":"Mon, 01 Jan 1990 00:00:00 GMT","content-type":"application/json; charset=utf-8","vary":"X-Origin, Referer, Origin,Accept-Encoding","server":"scaffolding on HTTPServer2","x-xss-protection":"0","x-frame-options":"SAMEORIGIN","x-content-type-options":"nosniff","alt-svc":"h3=\":443\"; ma=2592000,h3-29=\":443\"; ma=2592000,h3-T051=\":443\"; ma=2592000,h3-Q050=\":443\"; ma=2592000,h3-Q046=\":443\"; ma=2592000,h3-Q043=\":443\"; ma=2592000,quic=\":443\"; ma=2592000; v=\"46,43\"","accept-ranges":"none","transfer-encoding":"chunked"}
[debug] [2021-10-16T16:15:08.979Z] >>> HTTP REQUEST POST https://cloudresourcemanager.googleapis.com/v1/projects/genius-car-mechanics-f4341:testIamPermissions  
 {"permissions":["firebase.projects.get","firebasehosting.sites.update"]}
[debug] [2021-10-16T16:15:10.740Z] <<< HTTP RESPONSE 200 {"content-type":"application/json; charset=UTF-8","vary":"X-Origin, Referer, Origin,Accept-Encoding","date":"Sat, 16 Oct 2021 16:15:10 GMT","server":"ESF","cache-control":"private","x-xss-protection":"0","x-frame-options":"SAMEORIGIN","x-content-type-options":"nosniff","server-timing":"gfet4t7; dur=1185","alt-svc":"h3=\":443\"; ma=2592000,h3-29=\":443\"; ma=2592000,h3-T051=\":443\"; ma=2592000,h3-Q050=\":443\"; ma=2592000,h3-Q046=\":443\"; ma=2592000,h3-Q043=\":443\"; ma=2592000,quic=\":443\"; ma=2592000; v=\"46,43\"","accept-ranges":"none","transfer-encoding":"chunked"}
[debug] [2021-10-16T16:15:10.745Z] > refreshing access token with scopes: []
[debug] [2021-10-16T16:15:10.745Z] >>> HTTP REQUEST POST https://www.googleapis.com/oauth2/v3/token  
 <request body omitted>
[debug] [2021-10-16T16:15:22.519Z] Authentication Error: Your credentials are no longer valid. Please run firebase login --reauth

For CI servers and headless environments, generate a new token with firebase login:ci
[debug] [2021-10-16T16:15:23.080Z] FirebaseError: Authentication Error: Your credentials are no longer valid. Please run firebase login --reauth

For CI servers and headless environments, generate a new token with firebase login:ci
    at invalidCredentialError (C:\Users\mahed\AppData\Roaming\npm\node_modules\firebase-tools\lib\auth.js:141:12)
    at refreshTokens (C:\Users\mahed\AppData\Roaming\npm\node_modules\firebase-tools\lib\auth.js:448:15)
    at processTicksAndRejections (internal/process/task_queues.js:95:5)
    at async Client.getAccessToken (C:\Users\mahed\AppData\Roaming\npm\node_modules\firebase-tools\lib\apiv2.js:144:23)
    at async Client.addAuthHeader (C:\Users\mahed\AppData\Roaming\npm\node_modules\firebase-tools\lib\apiv2.js:135:21)
    at async Client.request (C:\Users\mahed\AppData\Roaming\npm\node_modules\firebase-tools\lib\apiv2.js:93:34)
    at async Object.getFirebaseProject (C:\Users\mahed\AppData\Roaming\npm\node_modules\firebase-tools\lib\management\projects.js:290:21)
    at async Object.getDefaultHostingSite (C:\Users\mahed\AppData\Roaming\npm\node_modules\firebase-tools\lib\getDefaultHostingSite.js:8:21)
    at async requireHostingSite (C:\Users\mahed\AppData\Roaming\npm\node_modules\firebase-tools\lib\requireHostingSite.js:9:18)
    at async Object.fn (C:\Users\mahed\AppData\Roaming\npm\node_modules\firebase-tools\lib\commands\deploy.js:65:9)
    at async C:\Users\mahed\AppData\Roaming\npm\node_modules\firebase-tools\lib\command.js:188:17
[error] 
[error] Error: Failed to get Firebase project genius-car-mechanics-f4341. Please make sure the project exists and your account has permission to access it.
[debug] [2021-10-16T16:15:36.960Z] ----------------------------------------------------------------------
[debug] [2021-10-16T16:15:36.963Z] Command:       C:\Program Files\nodejs\node.exe C:\Users\mahed\AppData\Roaming\npm\node_modules\firebase-tools\lib\bin\firebase.js deploy
[debug] [2021-10-16T16:15:36.963Z] CLI Version:   9.20.0
[debug] [2021-10-16T16:15:36.963Z] Platform:      win32
[debug] [2021-10-16T16:15:36.963Z] Node Version:  v14.17.1
[debug] [2021-10-16T16:15:36.964Z] Time:          Sat Oct 16 2021 22:15:36 GMT+0600 (Bangladesh Standard Time)
[debug] [2021-10-16T16:15:36.964Z] ----------------------------------------------------------------------
[debug] 
[debug] [2021-10-16T16:15:37.030Z] > command requires scopes: ["email","openid","https://www.googleapis.com/auth/cloudplatformprojects.readonly","https://www.googleapis.com/auth/firebase","https://www.googleapis.com/auth/cloud-platform"]
[debug] [2021-10-16T16:15:37.030Z] > authorizing via signed-in user (mahedi.hasan8089@gmail.com)
[debug] [2021-10-16T16:15:37.030Z] [iam] checking project genius-car-mechanics-f4341 for permissions ["firebase.projects.get","firebasehosting.sites.update"]
[debug] [2021-10-16T16:15:37.033Z] >>> HTTP REQUEST POST https://cloudresourcemanager.googleapis.com/v1/projects/genius-car-mechanics-f4341:testIamPermissions  
 {"permissions":["firebase.projects.get","firebasehosting.sites.update"]}
[debug] [2021-10-16T16:21:40.437Z] ----------------------------------------------------------------------
[debug] [2021-10-16T16:21:40.439Z] Command:       C:\Program Files\nodejs\node.exe C:\Users\mahed\AppData\Roaming\npm\node_modules\firebase-tools\lib\bin\firebase.js deploy
[debug] [2021-10-16T16:21:40.439Z] CLI Version:   9.20.0
[debug] [2021-10-16T16:21:40.440Z] Platform:      win32
[debug] [2021-10-16T16:21:40.440Z] Node Version:  v14.17.1
[debug] [2021-10-16T16:21:40.441Z] Time:          Sat Oct 16 2021 22:21:40 GMT+0600 (Bangladesh Standard Time)
[debug] [2021-10-16T16:21:40.441Z] ----------------------------------------------------------------------
[debug] 
[debug] [2021-10-16T16:21:40.543Z] > command requires scopes: ["email","openid","https://www.googleapis.com/auth/cloudplatformprojects.readonly","https://www.googleapis.com/auth/firebase","https://www.googleapis.com/auth/cloud-platform"]
[debug] [2021-10-16T16:21:40.543Z] > authorizing via signed-in user (mahedi.hasan8089@gmail.com)
[debug] [2021-10-16T16:21:40.544Z] [iam] checking project genius-car-mechanics-f4341 for permissions ["firebase.projects.get","firebasehosting.sites.update"]
[debug] [2021-10-16T16:21:40.546Z] >>> HTTP REQUEST POST https://cloudresourcemanager.googleapis.com/v1/projects/genius-car-mechanics-f4341:testIamPermissions  
 {"permissions":["firebase.projects.get","firebasehosting.sites.update"]}
[debug] [2021-10-16T16:21:53.466Z] <<< HTTP RESPONSE 200 {"content-type":"application/json; charset=UTF-8","vary":"X-Origin, Referer, Origin,Accept-Encoding","date":"Sat, 16 Oct 2021 16:21:53 GMT","server":"ESF","cache-control":"private","x-xss-protection":"0","x-frame-options":"SAMEORIGIN","x-content-type-options":"nosniff","server-timing":"gfet4t7; dur=1168","alt-svc":"h3=\":443\"; ma=2592000,h3-29=\":443\"; ma=2592000,h3-T051=\":443\"; ma=2592000,h3-Q050=\":443\"; ma=2592000,h3-Q046=\":443\"; ma=2592000,h3-Q043=\":443\"; ma=2592000,quic=\":443\"; ma=2592000; v=\"46,43\"","accept-ranges":"none","transfer-encoding":"chunked"}
[debug] [2021-10-16T16:21:53.474Z] > refreshing access token with scopes: []
[debug] [2021-10-16T16:21:53.474Z] >>> HTTP REQUEST POST https://www.googleapis.com/oauth2/v3/token  
 <request body omitted>
[debug] [2021-10-16T16:21:54.162Z] <<< HTTP RESPONSE 200 {"expires":"Mon, 01 Jan 1990 00:00:00 GMT","date":"Sat, 16 Oct 2021 16:21:53 GMT","cache-control":"no-cache, no-store, max-age=0, must-revalidate","pragma":"no-cache","content-type":"application/json; charset=utf-8","vary":"X-Origin, Referer, Origin,Accept-Encoding","server":"scaffolding on HTTPServer2","x-xss-protection":"0","x-frame-options":"SAMEORIGIN","x-content-type-options":"nosniff","alt-svc":"h3=\":443\"; ma=2592000,h3-29=\":443\"; ma=2592000,h3-T051=\":443\"; ma=2592000,h3-Q050=\":443\"; ma=2592000,h3-Q046=\":443\"; ma=2592000,h3-Q043=\":443\"; ma=2592000,quic=\":443\"; ma=2592000; v=\"46,43\"","accept-ranges":"none","transfer-encoding":"chunked"}
[debug] [2021-10-16T16:21:54.182Z] >>> [apiv2][query] GET https://firebase.googleapis.com/v1beta1/projects/genius-car-mechanics-f4341 [none]
[debug] [2021-10-16T16:22:24.193Z] Timeout reached making request to https://firebase.googleapis.com/v1beta1/projects/genius-car-mechanics-f4341
[debug] [2021-10-16T17:05:10.198Z] ----------------------------------------------------------------------
[debug] [2021-10-16T17:05:10.202Z] Command:       C:\Program Files\nodejs\node.exe C:\Users\mahed\AppData\Roaming\npm\node_modules\firebase-tools\lib\bin\firebase.js deploy
[debug] [2021-10-16T17:05:10.203Z] CLI Version:   9.20.0
[debug] [2021-10-16T17:05:10.203Z] Platform:      win32
[debug] [2021-10-16T17:05:10.203Z] Node Version:  v14.17.1
[debug] [2021-10-16T17:05:10.204Z] Time:          Sat Oct 16 2021 23:05:10 GMT+0600 (Bangladesh Standard Time)
[debug] [2021-10-16T17:05:10.205Z] ----------------------------------------------------------------------
[debug] 
[debug] [2021-10-16T17:05:10.273Z] > command requires scopes: ["email","openid","https://www.googleapis.com/auth/cloudplatformprojects.readonly","https://www.googleapis.com/auth/firebase","https://www.googleapis.com/auth/cloud-platform"]
[debug] [2021-10-16T17:05:10.273Z] > authorizing via signed-in user (mahedi.hasan8089@gmail.com)
[debug] [2021-10-16T17:05:10.273Z] [iam] checking project genius-car-mechanics-f4341 for permissions ["firebase.projects.get","firebasehosting.sites.update"]
[debug] [2021-10-16T17:05:10.276Z] > refreshing access token with scopes: ["email","https://www.googleapis.com/auth/cloud-platform","https://www.googleapis.com/auth/cloudplatformprojects.readonly","https://www.googleapis.com/auth/firebase","openid"]
[debug] [2021-10-16T17:05:10.276Z] >>> HTTP REQUEST POST https://www.googleapis.com/oauth2/v3/token  
 <request body omitted>
[debug] [2021-10-16T17:05:21.681Z] <<< HTTP RESPONSE 200 {"pragma":"no-cache","expires":"Mon, 01 Jan 1990 00:00:00 GMT","date":"Sat, 16 Oct 2021 17:05:21 GMT","cache-control":"no-cache, no-store, max-age=0, must-revalidate","content-type":"application/json; charset=utf-8","vary":"X-Origin, Referer, Origin,Accept-Encoding","server":"scaffolding on HTTPServer2","x-xss-protection":"0","x-frame-options":"SAMEORIGIN","x-content-type-options":"nosniff","alt-svc":"h3=\":443\"; ma=2592000,h3-29=\":443\"; ma=2592000,h3-T051=\":443\"; ma=2592000,h3-Q050=\":443\"; ma=2592000,h3-Q046=\":443\"; ma=2592000,h3-Q043=\":443\"; ma=2592000,quic=\":443\"; ma=2592000; v=\"46,43\"","accept-ranges":"none","transfer-encoding":"chunked"}
[debug] [2021-10-16T17:05:21.709Z] >>> HTTP REQUEST POST https://cloudresourcemanager.googleapis.com/v1/projects/genius-car-mechanics-f4341:testIamPermissions  
 {"permissions":["firebase.projects.get","firebasehosting.sites.update"]}
[debug] [2021-10-16T17:05:23.127Z] <<< HTTP RESPONSE 200 {"content-type":"application/json; charset=UTF-8","vary":"X-Origin, Referer, Origin,Accept-Encoding","date":"Sat, 16 Oct 2021 17:05:23 GMT","server":"ESF","cache-control":"private","x-xss-protection":"0","x-frame-options":"SAMEORIGIN","x-content-type-options":"nosniff","server-timing":"gfet4t7; dur=1151","alt-svc":"h3=\":443\"; ma=2592000,h3-29=\":443\"; ma=2592000,h3-T051=\":443\"; ma=2592000,h3-Q050=\":443\"; ma=2592000,h3-Q046=\":443\"; ma=2592000,h3-Q043=\":443\"; ma=2592000,quic=\":443\"; ma=2592000; v=\"46,43\"","accept-ranges":"none","transfer-encoding":"chunked"}
[debug] [2021-10-16T17:05:23.130Z] > refreshing access token with scopes: []
[debug] [2021-10-16T17:05:23.131Z] >>> HTTP REQUEST POST https://www.googleapis.com/oauth2/v3/token  
 <request body omitted>
[debug] [2021-10-16T17:05:23.399Z] <<< HTTP RESPONSE 200 {"expires":"Mon, 01 Jan 1990 00:00:00 GMT","pragma":"no-cache","date":"Sat, 16 Oct 2021 17:05:23 GMT","cache-control":"no-cache, no-store, max-age=0, must-revalidate","content-type":"application/json; charset=utf-8","vary":"X-Origin, Referer, Origin,Accept-Encoding","server":"scaffolding on HTTPServer2","x-xss-protection":"0","x-frame-options":"SAMEORIGIN","x-content-type-options":"nosniff","alt-svc":"h3=\":443\"; ma=2592000,h3-29=\":443\"; ma=2592000,h3-T051=\":443\"; ma=2592000,h3-Q050=\":443\"; ma=2592000,h3-Q046=\":443\"; ma=2592000,h3-Q043=\":443\"; ma=2592000,quic=\":443\"; ma=2592000; v=\"46,43\"","accept-ranges":"none","transfer-encoding":"chunked"}
[debug] [2021-10-16T17:05:23.411Z] >>> [apiv2][query] GET https://firebase.googleapis.com/v1beta1/projects/genius-car-mechanics-f4341 [none]
[debug] [2021-10-16T17:05:53.426Z] Timeout reached making request to https://firebase.googleapis.com/v1beta1/projects/genius-car-mechanics-f4341
[debug] [2021-10-16T17:06:05.401Z] FirebaseError: Timeout reached making request to https://firebase.googleapis.com/v1beta1/projects/genius-car-mechanics-f4341
    at Client.doRequest (C:\Users\mahed\AppData\Roaming\npm\node_modules\firebase-tools\lib\apiv2.js:209:23)
    at processTicksAndRejections (internal/process/task_queues.js:95:5)
    at async Client.request (C:\Users\mahed\AppData\Roaming\npm\node_modules\firebase-tools\lib\apiv2.js:96:20)
    at async Object.getFirebaseProject (C:\Users\mahed\AppData\Roaming\npm\node_modules\firebase-tools\lib\management\projects.js:290:21)
    at async Object.getDefaultHostingSite (C:\Users\mahed\AppData\Roaming\npm\node_modules\firebase-tools\lib\getDefaultHostingSite.js:8:21)
    at async requireHostingSite (C:\Users\mahed\AppData\Roaming\npm\node_modules\firebase-tools\lib\requireHostingSite.js:9:18)
    at async Object.fn (C:\Users\mahed\AppData\Roaming\npm\node_modules\firebase-tools\lib\commands\deploy.js:65:9)
    at async C:\Users\mahed\AppData\Roaming\npm\node_modules\firebase-tools\lib\command.js:188:17
[error] 
[error] Error: Failed to get Firebase project genius-car-mechanics-f4341. Please make sure the project exists and your account has permission to access it.
[debug] [2021-10-16T17:07:02.313Z] ----------------------------------------------------------------------
[debug] [2021-10-16T17:07:02.315Z] Command:       C:\Program Files\nodejs\node.exe C:\Users\mahed\AppData\Roaming\npm\node_modules\firebase-tools\lib\bin\firebase.js deploy
[debug] [2021-10-16T17:07:02.316Z] CLI Version:   9.20.0
[debug] [2021-10-16T17:07:02.316Z] Platform:      win32
[debug] [2021-10-16T17:07:02.316Z] Node Version:  v14.17.1
[debug] [2021-10-16T17:07:02.317Z] Time:          Sat Oct 16 2021 23:07:02 GMT+0600 (Bangladesh Standard Time)
[debug] [2021-10-16T17:07:02.317Z] ----------------------------------------------------------------------
[debug] 
[debug] [2021-10-16T17:07:02.385Z] > command requires scopes: ["email","openid","https://www.googleapis.com/auth/cloudplatformprojects.readonly","https://www.googleapis.com/auth/firebase","https://www.googleapis.com/auth/cloud-platform"]
[debug] [2021-10-16T17:07:02.385Z] > authorizing via signed-in user (mahedi.hasan8089@gmail.com)
[debug] [2021-10-16T17:07:02.385Z] [iam] checking project genius-car-mechanics-f4341 for permissions ["firebase.projects.get","firebasehosting.sites.update"]
[debug] [2021-10-16T17:07:02.388Z] > refreshing access token with scopes: ["email","https://www.googleapis.com/auth/cloud-platform","https://www.googleapis.com/auth/cloudplatformprojects.readonly","https://www.googleapis.com/auth/firebase","openid"]
[debug] [2021-10-16T17:07:02.389Z] >>> HTTP REQUEST POST https://www.googleapis.com/oauth2/v3/token  
 <request body omitted>
[debug] [2021-10-16T17:07:13.766Z] <<< HTTP RESPONSE 200 {"date":"Sat, 16 Oct 2021 17:07:13 GMT","pragma":"no-cache","expires":"Mon, 01 Jan 1990 00:00:00 GMT","cache-control":"no-cache, no-store, max-age=0, must-revalidate","content-type":"application/json; charset=utf-8","vary":"X-Origin, Referer, Origin,Accept-Encoding","server":"scaffolding on HTTPServer2","x-xss-protection":"0","x-frame-options":"SAMEORIGIN","x-content-type-options":"nosniff","alt-svc":"h3=\":443\"; ma=2592000,h3-29=\":443\"; ma=2592000,h3-T051=\":443\"; ma=2592000,h3-Q050=\":443\"; ma=2592000,h3-Q046=\":443\"; ma=2592000,h3-Q043=\":443\"; ma=2592000,quic=\":443\"; ma=2592000; v=\"46,43\"","accept-ranges":"none","transfer-encoding":"chunked"}
[debug] [2021-10-16T17:07:13.788Z] >>> HTTP REQUEST POST https://cloudresourcemanager.googleapis.com/v1/projects/genius-car-mechanics-f4341:testIamPermissions  
 {"permissions":["firebase.projects.get","firebasehosting.sites.update"]}
[debug] [2021-10-16T17:07:15.213Z] <<< HTTP RESPONSE 200 {"content-type":"application/json; charset=UTF-8","vary":"X-Origin, Referer, Origin,Accept-Encoding","date":"Sat, 16 Oct 2021 17:07:15 GMT","server":"ESF","cache-control":"private","x-xss-protection":"0","x-frame-options":"SAMEORIGIN","x-content-type-options":"nosniff","server-timing":"gfet4t7; dur=1182","alt-svc":"h3=\":443\"; ma=2592000,h3-29=\":443\"; ma=2592000,h3-T051=\":443\"; ma=2592000,h3-Q050=\":443\"; ma=2592000,h3-Q046=\":443\"; ma=2592000,h3-Q043=\":443\"; ma=2592000,quic=\":443\"; ma=2592000; v=\"46,43\"","accept-ranges":"none","transfer-encoding":"chunked"}
[debug] [2021-10-16T17:07:15.220Z] > refreshing access token with scopes: []
[debug] [2021-10-16T17:07:15.221Z] >>> HTTP REQUEST POST https://www.googleapis.com/oauth2/v3/token  
 <request body omitted>
[debug] [2021-10-16T17:07:15.519Z] <<< HTTP RESPONSE 200 {"date":"Sat, 16 Oct 2021 17:07:15 GMT","expires":"Mon, 01 Jan 1990 00:00:00 GMT","pragma":"no-cache","cache-control":"no-cache, no-store, max-age=0, must-revalidate","content-type":"application/json; charset=utf-8","vary":"X-Origin, Referer, Origin,Accept-Encoding","server":"scaffolding on HTTPServer2","x-xss-protection":"0","x-frame-options":"SAMEORIGIN","x-content-type-options":"nosniff","alt-svc":"h3=\":443\"; ma=2592000,h3-29=\":443\"; ma=2592000,h3-T051=\":443\"; ma=2592000,h3-Q050=\":443\"; ma=2592000,h3-Q046=\":443\"; ma=2592000,h3-Q043=\":443\"; ma=2592000,quic=\":443\"; ma=2592000; v=\"46,43\"","accept-ranges":"none","transfer-encoding":"chunked"}
[debug] [2021-10-16T17:07:15.547Z] >>> [apiv2][query] GET https://firebase.googleapis.com/v1beta1/projects/genius-car-mechanics-f4341 [none]
[debug] [2021-10-16T17:07:16.263Z] <<< [apiv2][status] GET https://firebase.googleapis.com/v1beta1/projects/genius-car-mechanics-f4341 200
[debug] [2021-10-16T17:07:16.264Z] <<< [apiv2][body] GET https://firebase.googleapis.com/v1beta1/projects/genius-car-mechanics-f4341 {"projectId":"genius-car-mechanics-f4341","projectNumber":"1045297336522","displayName":"Genius Car Mechanics","name":"projects/genius-car-mechanics-f4341","resources":{"hostingSite":"genius-car-mechanics-f4341"},"state":"ACTIVE"}
[info] 
[info] === Deploying to 'genius-car-mechanics-f4341'...
[info] 
[info] i  deploying hosting 
[debug] [2021-10-16T17:07:16.270Z] > refreshing access token with scopes: ["email","https://www.googleapis.com/auth/cloud-platform","https://www.googleapis.com/auth/cloudplatformprojects.readonly","https://www.googleapis.com/auth/firebase","openid"]
[debug] [2021-10-16T17:07:16.270Z] >>> HTTP REQUEST POST https://www.googleapis.com/oauth2/v3/token  
 <request body omitted>
[debug] [2021-10-16T17:07:16.543Z] <<< HTTP RESPONSE 200 {"pragma":"no-cache","cache-control":"no-cache, no-store, max-age=0, must-revalidate","expires":"Mon, 01 Jan 1990 00:00:00 GMT","date":"Sat, 16 Oct 2021 17:07:16 GMT","content-type":"application/json; charset=utf-8","vary":"X-Origin, Referer, Origin,Accept-Encoding","server":"scaffolding on HTTPServer2","x-xss-protection":"0","x-frame-options":"SAMEORIGIN","x-content-type-options":"nosniff","alt-svc":"h3=\":443\"; ma=2592000,h3-29=\":443\"; ma=2592000,h3-T051=\":443\"; ma=2592000,h3-Q050=\":443\"; ma=2592000,h3-Q046=\":443\"; ma=2592000,h3-Q043=\":443\"; ma=2592000,quic=\":443\"; ma=2592000; v=\"46,43\"","accept-ranges":"none","transfer-encoding":"chunked"}
[debug] [2021-10-16T17:07:16.572Z] >>> HTTP REQUEST POST https://firebasehosting.googleapis.com/v1beta1/sites/genius-car-mechanics-f4341/versions  
 {"config":{"rewrites":[{"glob":"**","path":"/index.html"}]},"labels":{"deployment-tool":"cli-firebase"}}
[debug] [2021-10-16T17:07:18.820Z] <<< HTTP RESPONSE 200 {"content-type":"application/json; charset=UTF-8","vary":"X-Origin, Referer, Origin,Accept-Encoding","date":"Sat, 16 Oct 2021 17:07:18 GMT","server":"ESF","cache-control":"private","x-xss-protection":"0","x-frame-options":"SAMEORIGIN","x-content-type-options":"nosniff","alt-svc":"h3=\":443\"; ma=2592000,h3-29=\":443\"; ma=2592000,h3-T051=\":443\"; ma=2592000,h3-Q050=\":443\"; ma=2592000,h3-Q046=\":443\"; ma=2592000,h3-Q043=\":443\"; ma=2592000,quic=\":443\"; ma=2592000; v=\"46,43\"","accept-ranges":"none","transfer-encoding":"chunked"}
[info] i  hosting[genius-car-mechanics-f4341]: beginning deploy... 
[info] i  hosting[genius-car-mechanics-f4341]: found 27 files in build 
[debug] [2021-10-16T17:07:18.840Z] [hosting] hash cache [YnVpbGQ] not populated
[debug] [2021-10-16T17:07:19.227Z] > refreshing access token with scopes: []
[debug] [2021-10-16T17:07:19.228Z] >>> HTTP REQUEST POST https://www.googleapis.com/oauth2/v3/token  
 <request body omitted>
[debug] [2021-10-16T17:07:19.230Z] [hosting] hash cache [YnVpbGQ] stored for 27 files
[debug] [2021-10-16T17:07:19.230Z] [hosting][hash queue][FINAL] {"max":380,"min":194,"avg":206.25925925925927,"active":0,"complete":27,"success":27,"errored":0,"retried":0,"total":27,"elapsed":389}
[debug] [2021-10-16T17:26:37.795Z] ----------------------------------------------------------------------
[debug] [2021-10-16T17:26:37.799Z] Command:       C:\Program Files\nodejs\node.exe C:\Users\mahed\AppData\Roaming\npm\node_modules\firebase-tools\lib\bin\firebase.js deploy
[debug] [2021-10-16T17:26:37.799Z] CLI Version:   9.20.0
[debug] [2021-10-16T17:26:37.800Z] Platform:      win32
[debug] [2021-10-16T17:26:37.800Z] Node Version:  v14.17.1
[debug] [2021-10-16T17:26:37.801Z] Time:          Sat Oct 16 2021 23:26:37 GMT+0600 (Bangladesh Standard Time)
[debug] [2021-10-16T17:26:37.801Z] ----------------------------------------------------------------------
[debug] 
[debug] [2021-10-16T17:26:37.869Z] > command requires scopes: ["email","openid","https://www.googleapis.com/auth/cloudplatformprojects.readonly","https://www.googleapis.com/auth/firebase","https://www.googleapis.com/auth/cloud-platform"]
[debug] [2021-10-16T17:26:37.870Z] > authorizing via signed-in user (mahedi.hasan8089@gmail.com)
[debug] [2021-10-16T17:26:37.870Z] [iam] checking project genius-car-mechanics-f4341 for permissions ["firebase.projects.get","firebasehosting.sites.update"]
[debug] [2021-10-16T17:26:37.872Z] >>> HTTP REQUEST POST https://cloudresourcemanager.googleapis.com/v1/projects/genius-car-mechanics-f4341:testIamPermissions  
 {"permissions":["firebase.projects.get","firebasehosting.sites.update"]}
[debug] [2021-10-16T17:26:39.334Z] <<< HTTP RESPONSE 200 {"content-type":"application/json; charset=UTF-8","vary":"X-Origin, Referer, Origin,Accept-Encoding","date":"Sat, 16 Oct 2021 17:26:39 GMT","server":"ESF","cache-control":"private","x-xss-protection":"0","x-frame-options":"SAMEORIGIN","x-content-type-options":"nosniff","server-timing":"gfet4t7; dur=1152","alt-svc":"h3=\":443\"; ma=2592000,h3-29=\":443\"; ma=2592000,h3-T051=\":443\"; ma=2592000,h3-Q050=\":443\"; ma=2592000,h3-Q046=\":443\"; ma=2592000,h3-Q043=\":443\"; ma=2592000,quic=\":443\"; ma=2592000; v=\"46,43\"","accept-ranges":"none","transfer-encoding":"chunked"}
[debug] [2021-10-16T17:26:39.337Z] > refreshing access token with scopes: []
[debug] [2021-10-16T17:26:39.338Z] >>> HTTP REQUEST POST https://www.googleapis.com/oauth2/v3/token  
 <request body omitted>
[debug] [2021-10-16T17:33:47.112Z] ----------------------------------------------------------------------
[debug] [2021-10-16T17:33:47.114Z] Command:       C:\Program Files\nodejs\node.exe C:\Users\mahed\AppData\Roaming\npm\node_modules\firebase-tools\lib\bin\firebase.js deploy
[debug] [2021-10-16T17:33:47.115Z] CLI Version:   9.20.0
[debug] [2021-10-16T17:33:47.115Z] Platform:      win32
[debug] [2021-10-16T17:33:47.115Z] Node Version:  v14.17.1
[debug] [2021-10-16T17:33:47.116Z] Time:          Sat Oct 16 2021 23:33:47 GMT+0600 (Bangladesh Standard Time)
[debug] [2021-10-16T17:33:47.116Z] ----------------------------------------------------------------------
[debug] 
[debug] [2021-10-16T17:33:47.192Z] > command requires scopes: ["email","openid","https://www.googleapis.com/auth/cloudplatformprojects.readonly","https://www.googleapis.com/auth/firebase","https://www.googleapis.com/auth/cloud-platform"]
[debug] [2021-10-16T17:33:47.192Z] > authorizing via signed-in user (mahedi.hasan8089@gmail.com)
[debug] [2021-10-16T17:33:47.192Z] [iam] checking project genius-car-mechanics-f4341 for permissions ["firebase.projects.get","firebasehosting.sites.update"]
[debug] [2021-10-16T17:33:47.195Z] >>> HTTP REQUEST POST https://cloudresourcemanager.googleapis.com/v1/projects/genius-car-mechanics-f4341:testIamPermissions  
 {"permissions":["firebase.projects.get","firebasehosting.sites.update"]}
[debug] [2021-10-16T17:33:48.655Z] <<< HTTP RESPONSE 200 {"content-type":"application/json; charset=UTF-8","vary":"X-Origin, Referer, Origin,Accept-Encoding","date":"Sat, 16 Oct 2021 17:33:48 GMT","server":"ESF","cache-control":"private","x-xss-protection":"0","x-frame-options":"SAMEORIGIN","x-content-type-options":"nosniff","server-timing":"gfet4t7; dur=1137","alt-svc":"h3=\":443\"; ma=2592000,h3-29=\":443\"; ma=2592000,h3-T051=\":443\"; ma=2592000,h3-Q050=\":443\"; ma=2592000,h3-Q046=\":443\"; ma=2592000,h3-Q043=\":443\"; ma=2592000,quic=\":443\"; ma=2592000; v=\"46,43\"","accept-ranges":"none","transfer-encoding":"chunked"}
[debug] [2021-10-16T17:33:48.658Z] > refreshing access token with scopes: []
[debug] [2021-10-16T17:33:48.659Z] >>> HTTP REQUEST POST https://www.googleapis.com/oauth2/v3/token  
 <request body omitted>
